Using pre-set license
Built from '2020.3/china_unity/release' branch; Version is '2020.3.9f1c1 (ef65345766d1) revision 15689012'; Using compiler version '192528614'; Build Type 'Release'
OS: 'Windows 10 Pro; OS build 19043.1023; Version 2009; 64bit' Language: 'zh' Physical Memory: 16063 MB
BatchMode: 1, IsHumanControllingUs: 0, StartBugReporterOnCrash: 0, Is64bit: 1, IsPro: 0

 COMMAND LINE ARGUMENTS:
D:\IDE\Unity\2020.3.9f1c1\Editor\Unity.exe
-adb2
-batchMode
-noUpm
-name
AssetImportWorker0
-projectPath
D:/Project/Unity/Roll_a_Ball
-logFile
Logs/AssetImportWorker0.log
-srvPort
62754
Successfully changed project path to: D:/Project/Unity/Roll_a_Ball
D:/Project/Unity/Roll_a_Ball
Using Asset Import Pipeline V2.
Refreshing native plugins compatible for Editor in 53.43 ms, found 0 plugins.
Preloading 0 native plugins for Editor in 0.00 ms.
Initialize engine version: 2020.3.9f1c1 (ef65345766d1)
[Subsystems] Discovering subsystems at path D:/IDE/Unity/2020.3.9f1c1/Editor/Data/Resources/UnitySubsystems
[Subsystems] Discovering subsystems at path D:/Project/Unity/Roll_a_Ball/Assets
GfxDevice: creating device client; threaded=0
Direct3D:
    Version:  Direct3D 11.0 [level 11.1]
    Renderer: NVIDIA GeForce GTX 1660 Ti with Max-Q Design (ID=0x2191)
    Vendor:   
    VRAM:     5991 MB
    Driver:   27.21.14.6647
Shader 'Universal Render Pipeline/Particles/Lit': fallback shader 'Universal Render Pipeline/Particles/SimpleLit' not found
Initialize mono
Mono path[0] = 'D:/IDE/Unity/2020.3.9f1c1/Editor/Data/Managed'
Mono path[1] = 'D:/IDE/Unity/2020.3.9f1c1/Editor/Data/MonoBleedingEdge/lib/mono/unityjit'
Mono config path = 'D:/IDE/Unity/2020.3.9f1c1/Editor/Data/MonoBleedingEdge/etc'
Using monoOptions --debugger-agent=transport=dt_socket,embedding=1,server=y,suspend=n,address=127.0.0.1:56240
Begin MonoManager ReloadAssembly
Registering precompiled unity dll's ...
Register platform support module: D:/IDE/Unity/2020.3.9f1c1/Editor/Data/PlaybackEngines/WindowsStandaloneSupport/UnityEditor.WindowsStandalone.Extensions.dll
Registered in 0.001226 seconds.
Native extension for WindowsStandalone target not found
Refreshing native plugins compatible for Editor in 56.47 ms, found 0 plugins.
Preloading 0 native plugins for Editor in 0.00 ms.
Mono: successfully reloaded assembly
- Completed reload, in  0.848 seconds
Platform modules already initialized, skipping
Registering precompiled user dll's ...
Registered in 0.001333 seconds.
Begin MonoManager ReloadAssembly
Native extension for WindowsStandalone target not found
Refreshing native plugins compatible for Editor in 56.70 ms, found 0 plugins.
Preloading 0 native plugins for Editor in 0.00 ms.
Mono: successfully reloaded assembly
- Completed reload, in  1.122 seconds
Platform modules already initialized, skipping
========================================================================
Worker process is ready to serve import requests
Shader 'Universal Render Pipeline/Particles/Lit': fallback shader 'Universal Render Pipeline/Particles/SimpleLit' not found
Launched and connected shader compiler UnityShaderCompiler.exe after 0.05 seconds
Refreshing native plugins compatible for Editor in 0.94 ms, found 0 plugins.
Preloading 0 native plugins for Editor in 0.00 ms.
Unloading 2733 Unused Serialized files (Serialized files now loaded: 0)
System memory in use before: 128.1 MB.
System memory in use after: 128.3 MB.

Unloading 12 unused Assets to reduce memory usage. Loaded Objects now: 3178.
Total: 5.043000 ms (FindLiveObjects: 0.709900 ms CreateObjectMapping: 0.397700 ms MarkObjects: 3.819300 ms  DeleteObjects: 0.114200 ms)

========================================================================
Received Import Request.
  path: Assets/Audio
  artifactKey: Guid(3228b57295af07e4fa7476dbf8ae6002) Importer(815301076,1909f56bfc062723c751e8b465ee728b)
Start importing Assets/Audio using Guid(3228b57295af07e4fa7476dbf8ae6002) Importer(815301076,1909f56bfc062723c751e8b465ee728b)  -> (artifact id: '1568b59841a846026ac838a8574cc4dc') in 0.012136 seconds
  Import took 0.017010 seconds .

========================================================================
Received Import Request.
  Time since last request: 373.781380 seconds.
  path: Assets/Audio/Marshmello,Anne-Marie - FRIENDS.flac
  artifactKey: Guid(1c052ecfc6ace284abc7e08ff4bb521e) Importer(815301076,1909f56bfc062723c751e8b465ee728b)
Start importing Assets/Audio/Marshmello,Anne-Marie - FRIENDS.flac using Guid(1c052ecfc6ace284abc7e08ff4bb521e) Importer(815301076,1909f56bfc062723c751e8b465ee728b)  -> (artifact id: 'c3aba57e0e96fb71a1da2b8229372443') in 0.108319 seconds
  Import took 0.113134 seconds .

========================================================================
Received Prepare
Registering precompiled user dll's ...
Registered in 0.001223 seconds.
Begin MonoManager ReloadAssembly
Native extension for WindowsStandalone target not found
Refreshing native plugins compatible for Editor in 0.54 ms, found 0 plugins.
Preloading 0 native plugins for Editor in 0.00 ms.
Mono: successfully reloaded assembly
- Completed reload, in  1.079 seconds
Platform modules already initialized, skipping
Shader 'Universal Render Pipeline/Particles/Lit': fallback shader 'Universal Render Pipeline/Particles/SimpleLit' not found
Refreshing native plugins compatible for Editor in 0.60 ms, found 0 plugins.
Preloading 0 native plugins for Editor in 0.00 ms.
Unloading 2610 Unused Serialized files (Serialized files now loaded: 0)
System memory in use before: 123.0 MB.
System memory in use after: 123.2 MB.

Unloading 5 unused Assets to reduce memory usage. Loaded Objects now: 3190.
Total: 3.524800 ms (FindLiveObjects: 0.339600 ms CreateObjectMapping: 0.144000 ms MarkObjects: 3.005300 ms  DeleteObjects: 0.033800 ms)

========================================================================
Received Prepare
Registering precompiled user dll's ...
Registered in 0.002161 seconds.
Begin MonoManager ReloadAssembly
Native extension for WindowsStandalone target not found
Refreshing native plugins compatible for Editor in 0.85 ms, found 0 plugins.
Preloading 0 native plugins for Editor in 0.00 ms.
Mono: successfully reloaded assembly
- Completed reload, in  1.163 seconds
Platform modules already initialized, skipping
Shader 'Universal Render Pipeline/Particles/Lit': fallback shader 'Universal Render Pipeline/Particles/SimpleLit' not found
Refreshing native plugins compatible for Editor in 0.64 ms, found 0 plugins.
Preloading 0 native plugins for Editor in 0.00 ms.
Unloading 2610 Unused Serialized files (Serialized files now loaded: 0)
System memory in use before: 123.0 MB.
System memory in use after: 123.2 MB.

Unloading 5 unused Assets to reduce memory usage. Loaded Objects now: 3193.
Total: 3.781100 ms (FindLiveObjects: 0.469500 ms CreateObjectMapping: 0.216000 ms MarkObjects: 3.063300 ms  DeleteObjects: 0.030600 ms)

========================================================================
Received Prepare
Registering precompiled user dll's ...
Registered in 0.001544 seconds.
Begin MonoManager ReloadAssembly
Native extension for WindowsStandalone target not found
Refreshing native plugins compatible for Editor in 0.54 ms, found 0 plugins.
Preloading 0 native plugins for Editor in 0.00 ms.
Mono: successfully reloaded assembly
- Completed reload, in  1.118 seconds
Platform modules already initialized, skipping
Shader 'Universal Render Pipeline/Particles/Lit': fallback shader 'Universal Render Pipeline/Particles/SimpleLit' not found
Refreshing native plugins compatible for Editor in 0.53 ms, found 0 plugins.
Preloading 0 native plugins for Editor in 0.00 ms.
Unloading 2610 Unused Serialized files (Serialized files now loaded: 0)
System memory in use before: 123.0 MB.
System memory in use after: 123.3 MB.

Unloading 5 unused Assets to reduce memory usage. Loaded Objects now: 3196.
Total: 3.294700 ms (FindLiveObjects: 0.346300 ms CreateObjectMapping: 0.092700 ms MarkObjects: 2.822900 ms  DeleteObjects: 0.031100 ms)

========================================================================
Received Import Request.
  Time since last request: 462.532891 seconds.
  path: Assets/Audio/Collision Audio Effect.mp3
  artifactKey: Guid(c385ac5795dca4b459f07e40cca02a39) Importer(815301076,1909f56bfc062723c751e8b465ee728b)
Start importing Assets/Audio/Collision Audio Effect.mp3 using Guid(c385ac5795dca4b459f07e40cca02a39) Importer(815301076,1909f56bfc062723c751e8b465ee728b)  -> (artifact id: '2c1cb80e740feb125daf3f03301f065c') in 0.097570 seconds
  Import took 0.102353 seconds .

========================================================================
Received Prepare
Registering precompiled user dll's ...
Registered in 0.001622 seconds.
Begin MonoManager ReloadAssembly
Native extension for WindowsStandalone target not found
Refreshing native plugins compatible for Editor in 0.53 ms, found 0 plugins.
Preloading 0 native plugins for Editor in 0.00 ms.
Mono: successfully reloaded assembly
- Completed reload, in  1.048 seconds
Platform modules already initialized, skipping
Shader 'Universal Render Pipeline/Particles/Lit': fallback shader 'Universal Render Pipeline/Particles/SimpleLit' not found
Refreshing native plugins compatible for Editor in 0.65 ms, found 0 plugins.
Preloading 0 native plugins for Editor in 0.00 ms.
Unloading 2610 Unused Serialized files (Serialized files now loaded: 0)
System memory in use before: 123.1 MB.
System memory in use after: 123.3 MB.

Unloading 5 unused Assets to reduce memory usage. Loaded Objects now: 3200.
Total: 3.184300 ms (FindLiveObjects: 0.333600 ms CreateObjectMapping: 0.077500 ms MarkObjects: 2.749500 ms  DeleteObjects: 0.022100 ms)

========================================================================
Received Prepare
Registering precompiled user dll's ...
Registered in 0.001372 seconds.
Begin MonoManager ReloadAssembly
Native extension for WindowsStandalone target not found
Refreshing native plugins compatible for Editor in 0.50 ms, found 0 plugins.
Preloading 0 native plugins for Editor in 0.00 ms.
Mono: successfully reloaded assembly
- Completed reload, in  1.024 seconds
Platform modules already initialized, skipping
Shader 'Universal Render Pipeline/Particles/Lit': fallback shader 'Universal Render Pipeline/Particles/SimpleLit' not found
Refreshing native plugins compatible for Editor in 0.65 ms, found 0 plugins.
Preloading 0 native plugins for Editor in 0.00 ms.
Unloading 2610 Unused Serialized files (Serialized files now loaded: 0)
System memory in use before: 123.1 MB.
System memory in use after: 123.3 MB.

Unloading 5 unused Assets to reduce memory usage. Loaded Objects now: 3203.
Total: 2.879400 ms (FindLiveObjects: 0.314500 ms CreateObjectMapping: 0.067600 ms MarkObjects: 2.465000 ms  DeleteObjects: 0.029600 ms)

========================================================================
Received Prepare
Registering precompiled user dll's ...
Registered in 0.001237 seconds.
Begin MonoManager ReloadAssembly
Native extension for WindowsStandalone target not found
Refreshing native plugins compatible for Editor in 0.50 ms, found 0 plugins.
Preloading 0 native plugins for Editor in 0.00 ms.
Mono: successfully reloaded assembly
- Completed reload, in  1.028 seconds
Platform modules already initialized, skipping
Shader 'Universal Render Pipeline/Particles/Lit': fallback shader 'Universal Render Pipeline/Particles/SimpleLit' not found
Refreshing native plugins compatible for Editor in 0.51 ms, found 0 plugins.
Preloading 0 native plugins for Editor in 0.00 ms.
Unloading 2610 Unused Serialized files (Serialized files now loaded: 0)
System memory in use before: 123.1 MB.
System memory in use after: 123.3 MB.

Unloading 5 unused Assets to reduce memory usage. Loaded Objects now: 3206.
Total: 3.516700 ms (FindLiveObjects: 0.343600 ms CreateObjectMapping: 0.099400 ms MarkObjects: 3.041500 ms  DeleteObjects: 0.030100 ms)

========================================================================
Received Prepare
Registering precompiled user dll's ...
Registered in 0.001626 seconds.
Begin MonoManager ReloadAssembly
Native extension for WindowsStandalone target not found
Refreshing native plugins compatible for Editor in 0.89 ms, found 0 plugins.
Preloading 0 native plugins for Editor in 0.00 ms.
Mono: successfully reloaded assembly
- Completed reload, in  1.214 seconds
Platform modules already initialized, skipping
Shader 'Universal Render Pipeline/Particles/Lit': fallback shader 'Universal Render Pipeline/Particles/SimpleLit' not found
Refreshing native plugins compatible for Editor in 0.81 ms, found 0 plugins.
Preloading 0 native plugins for Editor in 0.00 ms.
Unloading 2610 Unused Serialized files (Serialized files now loaded: 0)
System memory in use before: 123.1 MB.
System memory in use after: 123.3 MB.

Unloading 5 unused Assets to reduce memory usage. Loaded Objects now: 3209.
Total: 4.701500 ms (FindLiveObjects: 0.489600 ms CreateObjectMapping: 0.372400 ms MarkObjects: 3.800000 ms  DeleteObjects: 0.036900 ms)

========================================================================
Received Import Request.
  Time since last request: 383.497974 seconds.
  path: Assets/Audio/Win Audio Effect.mp3
  artifactKey: Guid(9c53c59711e096d47ad181ed9e072e08) Importer(815301076,1909f56bfc062723c751e8b465ee728b)
Start importing Assets/Audio/Win Audio Effect.mp3 using Guid(9c53c59711e096d47ad181ed9e072e08) Importer(815301076,1909f56bfc062723c751e8b465ee728b)  -> (artifact id: '37f99eaf27c4edfe44af1f6898b2e928') in 0.109440 seconds
  Import took 0.114606 seconds .

========================================================================
Received Prepare
Registering precompiled user dll's ...
Registered in 0.001258 seconds.
Begin MonoManager ReloadAssembly
Native extension for WindowsStandalone target not found
Refreshing native plugins compatible for Editor in 0.51 ms, found 0 plugins.
Preloading 0 native plugins for Editor in 0.00 ms.
Mono: successfully reloaded assembly
- Completed reload, in  1.093 seconds
Platform modules already initialized, skipping
Shader 'Universal Render Pipeline/Particles/Lit': fallback shader 'Universal Render Pipeline/Particles/SimpleLit' not found
Refreshing native plugins compatible for Editor in 0.86 ms, found 0 plugins.
Preloading 0 native plugins for Editor in 0.00 ms.
Unloading 2610 Unused Serialized files (Serialized files now loaded: 0)
System memory in use before: 123.1 MB.
System memory in use after: 123.3 MB.

Unloading 5 unused Assets to reduce memory usage. Loaded Objects now: 3213.
Total: 3.619600 ms (FindLiveObjects: 0.454900 ms CreateObjectMapping: 0.180800 ms MarkObjects: 2.948100 ms  DeleteObjects: 0.033800 ms)

========================================================================
Received Prepare
Registering precompiled user dll's ...
Registered in 0.001401 seconds.
Begin MonoManager ReloadAssembly
Native extension for WindowsStandalone target not found
Refreshing native plugins compatible for Editor in 0.50 ms, found 0 plugins.
Preloading 0 native plugins for Editor in 0.00 ms.
Mono: successfully reloaded assembly
- Completed reload, in  1.042 seconds
Platform modules already initialized, skipping
Shader 'Universal Render Pipeline/Particles/Lit': fallback shader 'Universal Render Pipeline/Particles/SimpleLit' not found
Refreshing native plugins compatible for Editor in 0.76 ms, found 0 plugins.
Preloading 0 native plugins for Editor in 0.00 ms.
Unloading 2610 Unused Serialized files (Serialized files now loaded: 0)
System memory in use before: 123.1 MB.
System memory in use after: 123.3 MB.

Unloading 5 unused Assets to reduce memory usage. Loaded Objects now: 3216.
Total: 3.636000 ms (FindLiveObjects: 0.450000 ms CreateObjectMapping: 0.117300 ms MarkObjects: 3.034800 ms  DeleteObjects: 0.032400 ms)

========================================================================
Received Prepare
Registering precompiled user dll's ...
Registered in 0.001254 seconds.
Begin MonoManager ReloadAssembly
Native extension for WindowsStandalone target not found
Refreshing native plugins compatible for Editor in 0.52 ms, found 0 plugins.
Preloading 0 native plugins for Editor in 0.00 ms.
Mono: successfully reloaded assembly
- Completed reload, in  1.161 seconds
Platform modules already initialized, skipping
Shader 'Universal Render Pipeline/Particles/Lit': fallback shader 'Universal Render Pipeline/Particles/SimpleLit' not found
Refreshing native plugins compatible for Editor in 0.53 ms, found 0 plugins.
Preloading 0 native plugins for Editor in 0.00 ms.
Unloading 2611 Unused Serialized files (Serialized files now loaded: 0)
System memory in use before: 123.1 MB.
System memory in use after: 123.4 MB.

Unloading 5 unused Assets to reduce memory usage. Loaded Objects now: 3220.
Total: 3.792400 ms (FindLiveObjects: 0.348000 ms CreateObjectMapping: 0.307700 ms MarkObjects: 3.106200 ms  DeleteObjects: 0.028700 ms)

========================================================================
Received Prepare
Registering precompiled user dll's ...
Registered in 0.001621 seconds.
Begin MonoManager ReloadAssembly
Native extension for WindowsStandalone target not found
Refreshing native plugins compatible for Editor in 0.54 ms, found 0 plugins.
Preloading 0 native plugins for Editor in 0.00 ms.
Mono: successfully reloaded assembly
- Completed reload, in  1.022 seconds
Platform modules already initialized, skipping
Shader 'Universal Render Pipeline/Particles/Lit': fallback shader 'Universal Render Pipeline/Particles/SimpleLit' not found
Refreshing native plugins compatible for Editor in 0.57 ms, found 0 plugins.
Preloading 0 native plugins for Editor in 0.00 ms.
Unloading 2611 Unused Serialized files (Serialized files now loaded: 0)
System memory in use before: 123.2 MB.
System memory in use after: 123.4 MB.

Unloading 5 unused Assets to reduce memory usage. Loaded Objects now: 3223.
Total: 3.419900 ms (FindLiveObjects: 0.359700 ms CreateObjectMapping: 0.117800 ms MarkObjects: 2.903000 ms  DeleteObjects: 0.037700 ms)

========================================================================
Received Prepare
Registering precompiled user dll's ...
Registered in 0.001238 seconds.
Begin MonoManager ReloadAssembly
Native extension for WindowsStandalone target not found
Refreshing native plugins compatible for Editor in 0.49 ms, found 0 plugins.
Preloading 0 native plugins for Editor in 0.00 ms.
Mono: successfully reloaded assembly
- Completed reload, in  1.038 seconds
Platform modules already initialized, skipping
Shader 'Universal Render Pipeline/Particles/Lit': fallback shader 'Universal Render Pipeline/Particles/SimpleLit' not found
Refreshing native plugins compatible for Editor in 0.65 ms, found 0 plugins.
Preloading 0 native plugins for Editor in 0.00 ms.
Unloading 2611 Unused Serialized files (Serialized files now loaded: 0)
System memory in use before: 123.2 MB.
System memory in use after: 123.4 MB.

Unloading 5 unused Assets to reduce memory usage. Loaded Objects now: 3226.
Total: 3.396600 ms (FindLiveObjects: 0.352100 ms CreateObjectMapping: 0.093000 ms MarkObjects: 2.907900 ms  DeleteObjects: 0.041000 ms)

========================================================================
Received Import Request.
  Time since last request: 524.418458 seconds.
  path: Assets/Scripts/AddPickUp.cs
  artifactKey: Guid(1cec23c31f03b6948a77651a5e87d7c3) Importer(815301076,1909f56bfc062723c751e8b465ee728b)
Start importing Assets/Scripts/AddPickUp.cs using Guid(1cec23c31f03b6948a77651a5e87d7c3) Importer(815301076,1909f56bfc062723c751e8b465ee728b)  -> (artifact id: 'd626b82d3902adf8d6197c3e71b2ca45') in 0.082522 seconds
  Import took 0.089414 seconds .

========================================================================
Received Prepare
Registering precompiled user dll's ...
Registered in 0.001466 seconds.
Begin MonoManager ReloadAssembly
Native extension for WindowsStandalone target not found
Refreshing native plugins compatible for Editor in 0.49 ms, found 0 plugins.
Preloading 0 native plugins for Editor in 0.00 ms.
Mono: successfully reloaded assembly
- Completed reload, in  1.020 seconds
Platform modules already initialized, skipping
Shader 'Universal Render Pipeline/Particles/Lit': fallback shader 'Universal Render Pipeline/Particles/SimpleLit' not found
Refreshing native plugins compatible for Editor in 0.52 ms, found 0 plugins.
Preloading 0 native plugins for Editor in 0.00 ms.
Unloading 2611 Unused Serialized files (Serialized files now loaded: 0)
System memory in use before: 123.2 MB.
System memory in use after: 123.4 MB.

Unloading 5 unused Assets to reduce memory usage. Loaded Objects now: 3229.
Total: 3.468300 ms (FindLiveObjects: 0.435600 ms CreateObjectMapping: 0.086200 ms MarkObjects: 2.912600 ms  DeleteObjects: 0.032000 ms)

========================================================================
Received Prepare
Registering precompiled user dll's ...
Registered in 0.001688 seconds.
Begin MonoManager ReloadAssembly
Native extension for WindowsStandalone target not found
Refreshing native plugins compatible for Editor in 0.67 ms, found 0 plugins.
Preloading 0 native plugins for Editor in 0.00 ms.
Mono: successfully reloaded assembly
- Completed reload, in  1.254 seconds
Platform modules already initialized, skipping
Shader 'Universal Render Pipeline/Particles/Lit': fallback shader 'Universal Render Pipeline/Particles/SimpleLit' not found
Refreshing native plugins compatible for Editor in 0.55 ms, found 0 plugins.
Preloading 0 native plugins for Editor in 0.00 ms.
Unloading 2611 Unused Serialized files (Serialized files now loaded: 0)
System memory in use before: 123.2 MB.
System memory in use after: 123.4 MB.

Unloading 5 unused Assets to reduce memory usage. Loaded Objects now: 3232.
Total: 4.037400 ms (FindLiveObjects: 0.351500 ms CreateObjectMapping: 0.132500 ms MarkObjects: 3.522500 ms  DeleteObjects: 0.028600 ms)

========================================================================
Received Prepare
Registering precompiled user dll's ...
Registered in 0.001419 seconds.
Begin MonoManager ReloadAssembly
Native extension for WindowsStandalone target not found
Refreshing native plugins compatible for Editor in 0.56 ms, found 0 plugins.
Preloading 0 native plugins for Editor in 0.00 ms.
Mono: successfully reloaded assembly
- Completed reload, in  1.048 seconds
Platform modules already initialized, skipping
Shader 'Universal Render Pipeline/Particles/Lit': fallback shader 'Universal Render Pipeline/Particles/SimpleLit' not found
Refreshing native plugins compatible for Editor in 0.73 ms, found 0 plugins.
Preloading 0 native plugins for Editor in 0.00 ms.
Unloading 2611 Unused Serialized files (Serialized files now loaded: 0)
System memory in use before: 123.2 MB.
System memory in use after: 123.4 MB.

Unloading 5 unused Assets to reduce memory usage. Loaded Objects now: 3235.
Total: 4.550800 ms (FindLiveObjects: 0.504800 ms CreateObjectMapping: 0.211800 ms MarkObjects: 3.803900 ms  DeleteObjects: 0.028800 ms)

========================================================================
Received Prepare
Registering precompiled user dll's ...
Registered in 0.001528 seconds.
Begin MonoManager ReloadAssembly
Native extension for WindowsStandalone target not found
Refreshing native plugins compatible for Editor in 0.73 ms, found 0 plugins.
Preloading 0 native plugins for Editor in 0.00 ms.
Mono: successfully reloaded assembly
- Completed reload, in  1.185 seconds
Platform modules already initialized, skipping
Shader 'Universal Render Pipeline/Particles/Lit': fallback shader 'Universal Render Pipeline/Particles/SimpleLit' not found
Refreshing native plugins compatible for Editor in 0.58 ms, found 0 plugins.
Preloading 0 native plugins for Editor in 0.00 ms.
Unloading 2611 Unused Serialized files (Serialized files now loaded: 0)
System memory in use before: 123.2 MB.
System memory in use after: 123.4 MB.

Unloading 5 unused Assets to reduce memory usage. Loaded Objects now: 3238.
Total: 4.365400 ms (FindLiveObjects: 0.346300 ms CreateObjectMapping: 0.105400 ms MarkObjects: 3.885700 ms  DeleteObjects: 0.025900 ms)

========================================================================
Received Prepare
Registering precompiled user dll's ...
Registered in 0.002171 seconds.
Begin MonoManager ReloadAssembly
Native extension for WindowsStandalone target not found
Refreshing native plugins compatible for Editor in 0.63 ms, found 0 plugins.
Preloading 0 native plugins for Editor in 0.00 ms.
Mono: successfully reloaded assembly
- Completed reload, in  1.044 seconds
Platform modules already initialized, skipping
Shader 'Universal Render Pipeline/Particles/Lit': fallback shader 'Universal Render Pipeline/Particles/SimpleLit' not found
Refreshing native plugins compatible for Editor in 0.52 ms, found 0 plugins.
Preloading 0 native plugins for Editor in 0.00 ms.
Unloading 2611 Unused Serialized files (Serialized files now loaded: 0)
System memory in use before: 123.1 MB.
System memory in use after: 123.3 MB.

Unloading 5 unused Assets to reduce memory usage. Loaded Objects now: 3241.
Total: 3.294600 ms (FindLiveObjects: 0.346300 ms CreateObjectMapping: 0.093100 ms MarkObjects: 2.829600 ms  DeleteObjects: 0.023800 ms)

========================================================================
Received Import Request.
  Time since last request: 1735.656003 seconds.
  path: Assets/Scripts/AddPickUp.cs
  artifactKey: Guid(1cec23c31f03b6948a77651a5e87d7c3) Importer(815301076,1909f56bfc062723c751e8b465ee728b)
Start importing Assets/Scripts/AddPickUp.cs using Guid(1cec23c31f03b6948a77651a5e87d7c3) Importer(815301076,1909f56bfc062723c751e8b465ee728b)  -> (artifact id: 'c2ea3ed70f19d04194e3384edf364be4') in 0.006290 seconds
  Import took 0.011077 seconds .

========================================================================
Received Prepare
Registering precompiled user dll's ...
Registered in 0.001347 seconds.
Begin MonoManager ReloadAssembly
Native extension for WindowsStandalone target not found
Refreshing native plugins compatible for Editor in 0.57 ms, found 0 plugins.
Preloading 0 native plugins for Editor in 0.00 ms.
Mono: successfully reloaded assembly
- Completed reload, in  1.005 seconds
Platform modules already initialized, skipping
Shader 'Universal Render Pipeline/Particles/Lit': fallback shader 'Universal Render Pipeline/Particles/SimpleLit' not found
Refreshing native plugins compatible for Editor in 0.50 ms, found 0 plugins.
Preloading 0 native plugins for Editor in 0.00 ms.
Unloading 2610 Unused Serialized files (Serialized files now loaded: 0)
System memory in use before: 123.2 MB.
System memory in use after: 123.4 MB.

Unloading 6 unused Assets to reduce memory usage. Loaded Objects now: 3243.
Total: 2.693000 ms (FindLiveObjects: 0.351300 ms CreateObjectMapping: 0.091500 ms MarkObjects: 2.225100 ms  DeleteObjects: 0.023300 ms)

========================================================================
Received Prepare
Registering precompiled user dll's ...
Registered in 0.001307 seconds.
Begin MonoManager ReloadAssembly
Native extension for WindowsStandalone target not found
Refreshing native plugins compatible for Editor in 0.61 ms, found 0 plugins.
Preloading 0 native plugins for Editor in 0.00 ms.
Mono: successfully reloaded assembly
- Completed reload, in  1.009 seconds
Platform modules already initialized, skipping
Shader 'Universal Render Pipeline/Particles/Lit': fallback shader 'Universal Render Pipeline/Particles/SimpleLit' not found
Refreshing native plugins compatible for Editor in 0.49 ms, found 0 plugins.
Preloading 0 native plugins for Editor in 0.00 ms.
Unloading 2611 Unused Serialized files (Serialized files now loaded: 0)
System memory in use before: 123.2 MB.
System memory in use after: 123.4 MB.

Unloading 5 unused Assets to reduce memory usage. Loaded Objects now: 3247.
Total: 3.879500 ms (FindLiveObjects: 0.472100 ms CreateObjectMapping: 0.118400 ms MarkObjects: 3.261100 ms  DeleteObjects: 0.026500 ms)

========================================================================
Received Import Request.
  Time since last request: 697.325925 seconds.
  path: Assets/Scripts/AddPickUp.cs
  artifactKey: Guid(1cec23c31f03b6948a77651a5e87d7c3) Importer(815301076,1909f56bfc062723c751e8b465ee728b)
Start importing Assets/Scripts/AddPickUp.cs using Guid(1cec23c31f03b6948a77651a5e87d7c3) Importer(815301076,1909f56bfc062723c751e8b465ee728b)  -> (artifact id: 'fb6f290dfe88e8270eef6230d2eb8623') in 0.008787 seconds
  Import took 0.014630 seconds .

========================================================================
Received Prepare
Registering precompiled user dll's ...
Registered in 0.001330 seconds.
Begin MonoManager ReloadAssembly
Native extension for WindowsStandalone target not found
Refreshing native plugins compatible for Editor in 0.62 ms, found 0 plugins.
Preloading 0 native plugins for Editor in 0.00 ms.
Mono: successfully reloaded assembly
- Completed reload, in  1.023 seconds
Platform modules already initialized, skipping
Shader 'Universal Render Pipeline/Particles/Lit': fallback shader 'Universal Render Pipeline/Particles/SimpleLit' not found
Refreshing native plugins compatible for Editor in 0.52 ms, found 0 plugins.
Preloading 0 native plugins for Editor in 0.00 ms.
Unloading 2611 Unused Serialized files (Serialized files now loaded: 0)
System memory in use before: 123.2 MB.
System memory in use after: 123.4 MB.

Unloading 5 unused Assets to reduce memory usage. Loaded Objects now: 3250.
Total: 2.775500 ms (FindLiveObjects: 0.357900 ms CreateObjectMapping: 0.092500 ms MarkObjects: 2.294600 ms  DeleteObjects: 0.029100 ms)

========================================================================
Received Prepare
Registering precompiled user dll's ...
Registered in 0.001228 seconds.
Begin MonoManager ReloadAssembly
Native extension for WindowsStandalone target not found
Refreshing native plugins compatible for Editor in 0.52 ms, found 0 plugins.
Preloading 0 native plugins for Editor in 0.00 ms.
Mono: successfully reloaded assembly
- Completed reload, in  1.052 seconds
Platform modules already initialized, skipping
Shader 'Universal Render Pipeline/Particles/Lit': fallback shader 'Universal Render Pipeline/Particles/SimpleLit' not found
Refreshing native plugins compatible for Editor in 0.72 ms, found 0 plugins.
Preloading 0 native plugins for Editor in 0.00 ms.
Unloading 2611 Unused Serialized files (Serialized files now loaded: 0)
System memory in use before: 123.2 MB.
System memory in use after: 123.5 MB.

Unloading 5 unused Assets to reduce memory usage. Loaded Objects now: 3253.
Total: 3.845000 ms (FindLiveObjects: 0.460500 ms CreateObjectMapping: 0.105200 ms MarkObjects: 3.252300 ms  DeleteObjects: 0.025600 ms)

========================================================================
Received Prepare
Registering precompiled user dll's ...
Registered in 0.001314 seconds.
Begin MonoManager ReloadAssembly
Native extension for WindowsStandalone target not found
Refreshing native plugins compatible for Editor in 0.57 ms, found 0 plugins.
Preloading 0 native plugins for Editor in 0.00 ms.
Mono: successfully reloaded assembly
- Completed reload, in  1.090 seconds
Platform modules already initialized, skipping
Shader 'Universal Render Pipeline/Particles/Lit': fallback shader 'Universal Render Pipeline/Particles/SimpleLit' not found
Refreshing native plugins compatible for Editor in 0.61 ms, found 0 plugins.
Preloading 0 native plugins for Editor in 0.00 ms.
Unloading 2611 Unused Serialized files (Serialized files now loaded: 0)
System memory in use before: 123.2 MB.
System memory in use after: 123.5 MB.

Unloading 5 unused Assets to reduce memory usage. Loaded Objects now: 3256.
Total: 3.331900 ms (FindLiveObjects: 0.365600 ms CreateObjectMapping: 0.113200 ms MarkObjects: 2.810700 ms  DeleteObjects: 0.040700 ms)

========================================================================
Received Prepare
Registering precompiled user dll's ...
Registered in 0.001420 seconds.
Begin MonoManager ReloadAssembly
Native extension for WindowsStandalone target not found
Refreshing native plugins compatible for Editor in 0.64 ms, found 0 plugins.
Preloading 0 native plugins for Editor in 0.00 ms.
Mono: successfully reloaded assembly
- Completed reload, in  1.082 seconds
Platform modules already initialized, skipping
Shader 'Universal Render Pipeline/Particles/Lit': fallback shader 'Universal Render Pipeline/Particles/SimpleLit' not found
Refreshing native plugins compatible for Editor in 0.73 ms, found 0 plugins.
Preloading 0 native plugins for Editor in 0.00 ms.
Unloading 2611 Unused Serialized files (Serialized files now loaded: 0)
System memory in use before: 123.2 MB.
System memory in use after: 123.5 MB.

Unloading 5 unused Assets to reduce memory usage. Loaded Objects now: 3259.
Total: 4.019700 ms (FindLiveObjects: 0.357400 ms CreateObjectMapping: 0.141600 ms MarkObjects: 3.486100 ms  DeleteObjects: 0.032800 ms)

========================================================================
Received Prepare
Registering precompiled user dll's ...
Registered in 0.001510 seconds.
Begin MonoManager ReloadAssembly
Native extension for WindowsStandalone target not found
Refreshing native plugins compatible for Editor in 0.61 ms, found 0 plugins.
Preloading 0 native plugins for Editor in 0.00 ms.
Mono: successfully reloaded assembly
- Completed reload, in  1.062 seconds
Platform modules already initialized, skipping
Shader 'Universal Render Pipeline/Particles/Lit': fallback shader 'Universal Render Pipeline/Particles/SimpleLit' not found
Refreshing native plugins compatible for Editor in 0.58 ms, found 0 plugins.
Preloading 0 native plugins for Editor in 0.00 ms.
Unloading 2611 Unused Serialized files (Serialized files now loaded: 0)
System memory in use before: 123.2 MB.
System memory in use after: 123.5 MB.

Unloading 5 unused Assets to reduce memory usage. Loaded Objects now: 3262.
Total: 3.406500 ms (FindLiveObjects: 0.360100 ms CreateObjectMapping: 0.075000 ms MarkObjects: 2.937200 ms  DeleteObjects: 0.032300 ms)

========================================================================
Received Prepare
Registering precompiled user dll's ...
Registered in 0.001243 seconds.
Begin MonoManager ReloadAssembly
Native extension for WindowsStandalone target not found
Refreshing native plugins compatible for Editor in 0.52 ms, found 0 plugins.
Preloading 0 native plugins for Editor in 0.00 ms.
Mono: successfully reloaded assembly
- Completed reload, in  1.002 seconds
Platform modules already initialized, skipping
Shader 'Universal Render Pipeline/Particles/Lit': fallback shader 'Universal Render Pipeline/Particles/SimpleLit' not found
Refreshing native plugins compatible for Editor in 0.49 ms, found 0 plugins.
Preloading 0 native plugins for Editor in 0.00 ms.
Unloading 2611 Unused Serialized files (Serialized files now loaded: 0)
System memory in use before: 123.2 MB.
System memory in use after: 123.5 MB.

Unloading 5 unused Assets to reduce memory usage. Loaded Objects now: 3265.
Total: 3.419800 ms (FindLiveObjects: 0.374900 ms CreateObjectMapping: 0.107500 ms MarkObjects: 2.902600 ms  DeleteObjects: 0.033500 ms)

========================================================================
Received Prepare
Registering precompiled user dll's ...
Registered in 0.001914 seconds.
Begin MonoManager ReloadAssembly
Native extension for WindowsStandalone target not found
Refreshing native plugins compatible for Editor in 0.66 ms, found 0 plugins.
Preloading 0 native plugins for Editor in 0.00 ms.
Mono: successfully reloaded assembly
- Completed reload, in  1.379 seconds
Platform modules already initialized, skipping
Shader 'Universal Render Pipeline/Particles/Lit': fallback shader 'Universal Render Pipeline/Particles/SimpleLit' not found
Refreshing native plugins compatible for Editor in 0.71 ms, found 0 plugins.
Preloading 0 native plugins for Editor in 0.00 ms.
Unloading 2611 Unused Serialized files (Serialized files now loaded: 0)
System memory in use before: 123.3 MB.
System memory in use after: 123.5 MB.

Unloading 5 unused Assets to reduce memory usage. Loaded Objects now: 3268.
Total: 2.825500 ms (FindLiveObjects: 0.373700 ms CreateObjectMapping: 0.171000 ms MarkObjects: 2.251400 ms  DeleteObjects: 0.027600 ms)

========================================================================
Received Import Request.
  Time since last request: 1010.006251 seconds.
  path: Assets/GameResource/Graphics
  artifactKey: Guid(0ffe32fd6f20ec746843e8a799220fe3) Importer(815301076,1909f56bfc062723c751e8b465ee728b)
Start importing Assets/GameResource/Graphics using Guid(0ffe32fd6f20ec746843e8a799220fe3) Importer(815301076,1909f56bfc062723c751e8b465ee728b)  -> (artifact id: 'deb80310ae4d09bcdf969ca3621a5ae8') in 0.012649 seconds
  Import took 0.018084 seconds .

========================================================================
Received Import Request.
  Time since last request: 0.042926 seconds.
  path: Assets/GameResource/Graphics/Explode1.bmp
  artifactKey: Guid(59551ce7c322bac4e897e164060ef7b0) Importer(815301076,1909f56bfc062723c751e8b465ee728b)
Start importing Assets/GameResource/Graphics/Explode1.bmp using Guid(59551ce7c322bac4e897e164060ef7b0) Importer(815301076,1909f56bfc062723c751e8b465ee728b)  -> (artifact id: 'eaf7a5a7acafa843332e30dc0ac5664d') in 0.514018 seconds
  Import took 0.519095 seconds .

========================================================================
Received Import Request.
  Time since last request: 0.000237 seconds.
  path: Assets/GameResource/Graphics/Explode2.bmp
  artifactKey: Guid(a00139d6944916f468fb0f5f0df34bab) Importer(815301076,1909f56bfc062723c751e8b465ee728b)
Start importing Assets/GameResource/Graphics/Explode2.bmp using Guid(a00139d6944916f468fb0f5f0df34bab) Importer(815301076,1909f56bfc062723c751e8b465ee728b)  -> (artifact id: 'a7e5352b4c26814b77a22e47b6c76074') in 0.015543 seconds
  Import took 0.020325 seconds .

========================================================================
Received Import Request.
  Time since last request: 20.945928 seconds.
  path: Assets/GameResource
  artifactKey: Guid(99a6935ba72f0c04e91aa5406607730a) Importer(815301076,1909f56bfc062723c751e8b465ee728b)
Start importing Assets/GameResource using Guid(99a6935ba72f0c04e91aa5406607730a) Importer(815301076,1909f56bfc062723c751e8b465ee728b)  -> (artifact id: '0c0ce5597749e199b21636cb92538381') in 0.009924 seconds
  Import took 0.014965 seconds .

========================================================================
Received Import Request.
  Time since last request: 0.745168 seconds.
  path: Assets/Input
  artifactKey: Guid(a7326ce5833a96541819799aa52a074d) Importer(815301076,1909f56bfc062723c751e8b465ee728b)
Start importing Assets/Input using Guid(a7326ce5833a96541819799aa52a074d) Importer(815301076,1909f56bfc062723c751e8b465ee728b)  -> (artifact id: '4f145e532d176c1bb70edf47c8def55b') in 0.007538 seconds
  Import took 0.013016 seconds .

========================================================================
Received Import Request.
  Time since last request: 0.457715 seconds.
  path: Assets/Materials/PickUp.mat
  artifactKey: Guid(d7baddb57fbca14499348db5f79d95d5) Importer(815301076,1909f56bfc062723c751e8b465ee728b)
Start importing Assets/Materials/PickUp.mat using Guid(d7baddb57fbca14499348db5f79d95d5) Importer(815301076,1909f56bfc062723c751e8b465ee728b)  -> (artifact id: '9bb9475ccf7841198946d61347b5ccc5') in 0.231555 seconds
  Import took 0.237156 seconds .

========================================================================
Received Import Request.
  Time since last request: 162.412607 seconds.
  path: Assets/Anima
  artifactKey: Guid(0bfb6754c3471294d9da7dc1a9a72519) Importer(815301076,1909f56bfc062723c751e8b465ee728b)
Start importing Assets/Anima using Guid(0bfb6754c3471294d9da7dc1a9a72519) Importer(815301076,1909f56bfc062723c751e8b465ee728b)  -> (artifact id: '68dd8df449210714dd7d160f0af787ce') in 0.008023 seconds
  Import took 0.014220 seconds .

========================================================================
Received Import Request.
  Time since last request: 0.584556 seconds.
  path: Assets/Anima/CollisionAnimation.anim
  artifactKey: Guid(02f8a8c8d4838e04091f4235a956ec6c) Importer(815301076,1909f56bfc062723c751e8b465ee728b)
Start importing Assets/Anima/CollisionAnimation.anim using Guid(02f8a8c8d4838e04091f4235a956ec6c) Importer(815301076,1909f56bfc062723c751e8b465ee728b)  -> (artifact id: '0750e95d5072bade3ce8b251e814e905') in 0.015043 seconds
  Import took 0.020501 seconds .

========================================================================
Received Import Request.
  Time since last request: 0.004545 seconds.
  path: Assets/Anima/CollisionAnimation.anim
  artifactKey: Guid(02f8a8c8d4838e04091f4235a956ec6c) Importer(815301076,1909f56bfc062723c751e8b465ee728b)
Start importing Assets/Anima/CollisionAnimation.anim using Guid(02f8a8c8d4838e04091f4235a956ec6c) Importer(815301076,1909f56bfc062723c751e8b465ee728b)  -> (artifact id: '0750e95d5072bade3ce8b251e814e905') in 0.003629 seconds
  Import took 0.009106 seconds .

========================================================================
Received Import Request.
  Time since last request: 0.624079 seconds.
  path: Assets/Anima/Explode2.controller
  artifactKey: Guid(efd8834630b01294ebc03b0a9f25d731) Importer(815301076,1909f56bfc062723c751e8b465ee728b)
Start importing Assets/Anima/Explode2.controller using Guid(efd8834630b01294ebc03b0a9f25d731) Importer(815301076,1909f56bfc062723c751e8b465ee728b)  -> (artifact id: '85f53ce6d5b1e93de618d631923f38c9') in 0.005319 seconds
  Import took 0.010461 seconds .

========================================================================
Received Import Request.
  Time since last request: 0.000963 seconds.
  path: Assets/Anima/Explode2.controller
  artifactKey: Guid(efd8834630b01294ebc03b0a9f25d731) Importer(815301076,1909f56bfc062723c751e8b465ee728b)
Start importing Assets/Anima/Explode2.controller using Guid(efd8834630b01294ebc03b0a9f25d731) Importer(815301076,1909f56bfc062723c751e8b465ee728b)  -> (artifact id: '85f53ce6d5b1e93de618d631923f38c9') in 0.002799 seconds
  Import took 0.008250 seconds .

========================================================================
Received Prepare
Registering precompiled user dll's ...
Registered in 0.001519 seconds.
Begin MonoManager ReloadAssembly
Native extension for WindowsStandalone target not found
Refreshing native plugins compatible for Editor in 0.59 ms, found 0 plugins.
Preloading 0 native plugins for Editor in 0.00 ms.
Mono: successfully reloaded assembly
- Completed reload, in  1.084 seconds
Platform modules already initialized, skipping
Shader 'Universal Render Pipeline/Particles/Lit': fallback shader 'Universal Render Pipeline/Particles/SimpleLit' not found
Refreshing native plugins compatible for Editor in 0.49 ms, found 0 plugins.
Preloading 0 native plugins for Editor in 0.00 ms.
Unloading 2611 Unused Serialized files (Serialized files now loaded: 0)
System memory in use before: 125.8 MB.
System memory in use after: 126.0 MB.

Unloading 5 unused Assets to reduce memory usage. Loaded Objects now: 3348.
Total: 3.499700 ms (FindLiveObjects: 0.431000 ms CreateObjectMapping: 0.145600 ms MarkObjects: 2.894000 ms  DeleteObjects: 0.027200 ms)

========================================================================
Received Prepare
Registering precompiled user dll's ...
Registered in 0.001906 seconds.
Begin MonoManager ReloadAssembly
Native extension for WindowsStandalone target not found
Refreshing native plugins compatible for Editor in 0.52 ms, found 0 plugins.
Preloading 0 native plugins for Editor in 0.00 ms.
Mono: successfully reloaded assembly
- Completed reload, in  1.064 seconds
Platform modules already initialized, skipping
Shader 'Universal Render Pipeline/Particles/Lit': fallback shader 'Universal Render Pipeline/Particles/SimpleLit' not found
Refreshing native plugins compatible for Editor in 0.67 ms, found 0 plugins.
Preloading 0 native plugins for Editor in 0.00 ms.
Unloading 2611 Unused Serialized files (Serialized files now loaded: 0)
System memory in use before: 125.8 MB.
System memory in use after: 126.0 MB.

Unloading 5 unused Assets to reduce memory usage. Loaded Objects now: 3351.
Total: 3.428300 ms (FindLiveObjects: 0.356800 ms CreateObjectMapping: 0.080200 ms MarkObjects: 2.961100 ms  DeleteObjects: 0.028500 ms)

========================================================================
Received Prepare
Registering precompiled user dll's ...
Registered in 0.001251 seconds.
Begin MonoManager ReloadAssembly
Native extension for WindowsStandalone target not found
Refreshing native plugins compatible for Editor in 0.52 ms, found 0 plugins.
Preloading 0 native plugins for Editor in 0.00 ms.
Mono: successfully reloaded assembly
- Completed reload, in  1.054 seconds
Platform modules already initialized, skipping
Shader 'Universal Render Pipeline/Particles/Lit': fallback shader 'Universal Render Pipeline/Particles/SimpleLit' not found
Refreshing native plugins compatible for Editor in 1.07 ms, found 0 plugins.
Preloading 0 native plugins for Editor in 0.00 ms.
Unloading 2611 Unused Serialized files (Serialized files now loaded: 0)
System memory in use before: 125.8 MB.
System memory in use after: 126.1 MB.

Unloading 5 unused Assets to reduce memory usage. Loaded Objects now: 3354.
Total: 3.127000 ms (FindLiveObjects: 0.348700 ms CreateObjectMapping: 0.076700 ms MarkObjects: 2.676400 ms  DeleteObjects: 0.023600 ms)

========================================================================
Received Prepare
Registering precompiled user dll's ...
Registered in 0.001664 seconds.
Begin MonoManager ReloadAssembly
Native extension for WindowsStandalone target not found
Refreshing native plugins compatible for Editor in 0.56 ms, found 0 plugins.
Preloading 0 native plugins for Editor in 0.00 ms.
Mono: successfully reloaded assembly
- Completed reload, in  1.035 seconds
Platform modules already initialized, skipping
Shader 'Universal Render Pipeline/Particles/Lit': fallback shader 'Universal Render Pipeline/Particles/SimpleLit' not found
Refreshing native plugins compatible for Editor in 0.49 ms, found 0 plugins.
Preloading 0 native plugins for Editor in 0.00 ms.
Unloading 2611 Unused Serialized files (Serialized files now loaded: 0)
System memory in use before: 125.8 MB.
System memory in use after: 126.1 MB.

Unloading 5 unused Assets to reduce memory usage. Loaded Objects now: 3357.
Total: 4.476300 ms (FindLiveObjects: 0.446300 ms CreateObjectMapping: 0.106100 ms MarkObjects: 3.886200 ms  DeleteObjects: 0.034800 ms)

========================================================================
Received Prepare
Registering precompiled user dll's ...
Registered in 0.001827 seconds.
Begin MonoManager ReloadAssembly
Native extension for WindowsStandalone target not found
Refreshing native plugins compatible for Editor in 0.53 ms, found 0 plugins.
Preloading 0 native plugins for Editor in 0.00 ms.
Mono: successfully reloaded assembly
- Completed reload, in  1.099 seconds
Platform modules already initialized, skipping
Shader 'Universal Render Pipeline/Particles/Lit': fallback shader 'Universal Render Pipeline/Particles/SimpleLit' not found
Refreshing native plugins compatible for Editor in 0.49 ms, found 0 plugins.
Preloading 0 native plugins for Editor in 0.00 ms.
Unloading 2611 Unused Serialized files (Serialized files now loaded: 0)
System memory in use before: 125.8 MB.
System memory in use after: 126.1 MB.

Unloading 5 unused Assets to reduce memory usage. Loaded Objects now: 3360.
Total: 5.142900 ms (FindLiveObjects: 0.482200 ms CreateObjectMapping: 0.171000 ms MarkObjects: 4.452200 ms  DeleteObjects: 0.035700 ms)

========================================================================
Received Prepare
Registering precompiled user dll's ...
Registered in 0.001556 seconds.
Begin MonoManager ReloadAssembly
Native extension for WindowsStandalone target not found
Refreshing native plugins compatible for Editor in 0.70 ms, found 0 plugins.
Preloading 0 native plugins for Editor in 0.00 ms.
Mono: successfully reloaded assembly
- Completed reload, in  1.109 seconds
Platform modules already initialized, skipping
Shader 'Universal Render Pipeline/Particles/Lit': fallback shader 'Universal Render Pipeline/Particles/SimpleLit' not found
Refreshing native plugins compatible for Editor in 0.78 ms, found 0 plugins.
Preloading 0 native plugins for Editor in 0.00 ms.
Unloading 2611 Unused Serialized files (Serialized files now loaded: 0)
System memory in use before: 125.8 MB.
System memory in use after: 126.1 MB.

Unloading 5 unused Assets to reduce memory usage. Loaded Objects now: 3363.
Total: 3.672000 ms (FindLiveObjects: 0.410800 ms CreateObjectMapping: 0.141500 ms MarkObjects: 3.088600 ms  DeleteObjects: 0.029100 ms)

========================================================================
Received Prepare
Registering precompiled user dll's ...
Registered in 0.001644 seconds.
Begin MonoManager ReloadAssembly
Native extension for WindowsStandalone target not found
Refreshing native plugins compatible for Editor in 0.53 ms, found 0 plugins.
Preloading 0 native plugins for Editor in 0.00 ms.
Mono: successfully reloaded assembly
- Completed reload, in  1.073 seconds
Platform modules already initialized, skipping
Shader 'Universal Render Pipeline/Particles/Lit': fallback shader 'Universal Render Pipeline/Particles/SimpleLit' not found
Refreshing native plugins compatible for Editor in 0.82 ms, found 0 plugins.
Preloading 0 native plugins for Editor in 0.00 ms.
Unloading 2611 Unused Serialized files (Serialized files now loaded: 0)
System memory in use before: 125.9 MB.
System memory in use after: 126.1 MB.

Unloading 5 unused Assets to reduce memory usage. Loaded Objects now: 3366.
Total: 4.635000 ms (FindLiveObjects: 0.508500 ms CreateObjectMapping: 0.142900 ms MarkObjects: 3.951000 ms  DeleteObjects: 0.030600 ms)

========================================================================
Received Prepare
Registering precompiled user dll's ...
Registered in 0.001439 seconds.
Begin MonoManager ReloadAssembly
Native extension for WindowsStandalone target not found
Refreshing native plugins compatible for Editor in 0.52 ms, found 0 plugins.
Preloading 0 native plugins for Editor in 0.00 ms.
Mono: successfully reloaded assembly
- Completed reload, in  1.029 seconds
Platform modules already initialized, skipping
Shader 'Universal Render Pipeline/Particles/Lit': fallback shader 'Universal Render Pipeline/Particles/SimpleLit' not found
Refreshing native plugins compatible for Editor in 0.50 ms, found 0 plugins.
Preloading 0 native plugins for Editor in 0.00 ms.
Unloading 2611 Unused Serialized files (Serialized files now loaded: 0)
System memory in use before: 125.9 MB.
System memory in use after: 126.1 MB.

Unloading 5 unused Assets to reduce memory usage. Loaded Objects now: 3369.
Total: 4.374400 ms (FindLiveObjects: 0.497300 ms CreateObjectMapping: 0.120000 ms MarkObjects: 3.727400 ms  DeleteObjects: 0.028200 ms)

========================================================================
Received Prepare
Registering precompiled user dll's ...
Registered in 0.001253 seconds.
Begin MonoManager ReloadAssembly
Native extension for WindowsStandalone target not found
Refreshing native plugins compatible for Editor in 0.59 ms, found 0 plugins.
Preloading 0 native plugins for Editor in 0.00 ms.
Mono: successfully reloaded assembly
- Completed reload, in  1.050 seconds
Platform modules already initialized, skipping
Shader 'Universal Render Pipeline/Particles/Lit': fallback shader 'Universal Render Pipeline/Particles/SimpleLit' not found
Refreshing native plugins compatible for Editor in 0.50 ms, found 0 plugins.
Preloading 0 native plugins for Editor in 0.00 ms.
Unloading 2611 Unused Serialized files (Serialized files now loaded: 0)
System memory in use before: 125.9 MB.
System memory in use after: 126.1 MB.

Unloading 5 unused Assets to reduce memory usage. Loaded Objects now: 3372.
Total: 3.075100 ms (FindLiveObjects: 0.337400 ms CreateObjectMapping: 0.069700 ms MarkObjects: 2.641900 ms  DeleteObjects: 0.024700 ms)

========================================================================
Received Prepare
Registering precompiled user dll's ...
Registered in 0.001323 seconds.
Begin MonoManager ReloadAssembly
Native extension for WindowsStandalone target not found
Refreshing native plugins compatible for Editor in 0.59 ms, found 0 plugins.
Preloading 0 native plugins for Editor in 0.00 ms.
Mono: successfully reloaded assembly
- Completed reload, in  1.102 seconds
Platform modules already initialized, skipping
Shader 'Universal Render Pipeline/Particles/Lit': fallback shader 'Universal Render Pipeline/Particles/SimpleLit' not found
Refreshing native plugins compatible for Editor in 0.50 ms, found 0 plugins.
Preloading 0 native plugins for Editor in 0.00 ms.
Unloading 2611 Unused Serialized files (Serialized files now loaded: 0)
System memory in use before: 125.9 MB.
System memory in use after: 126.1 MB.

Unloading 5 unused Assets to reduce memory usage. Loaded Objects now: 3375.
Total: 3.912800 ms (FindLiveObjects: 0.393500 ms CreateObjectMapping: 0.111800 ms MarkObjects: 3.368400 ms  DeleteObjects: 0.037100 ms)

========================================================================
Received Prepare
Registering precompiled user dll's ...
Registered in 0.001423 seconds.
Begin MonoManager ReloadAssembly
Native extension for WindowsStandalone target not found
Refreshing native plugins compatible for Editor in 0.50 ms, found 0 plugins.
Preloading 0 native plugins for Editor in 0.00 ms.
Mono: successfully reloaded assembly
- Completed reload, in  1.020 seconds
Platform modules already initialized, skipping
Shader 'Universal Render Pipeline/Particles/Lit': fallback shader 'Universal Render Pipeline/Particles/SimpleLit' not found
Refreshing native plugins compatible for Editor in 0.50 ms, found 0 plugins.
Preloading 0 native plugins for Editor in 0.00 ms.
Unloading 2611 Unused Serialized files (Serialized files now loaded: 0)
System memory in use before: 125.9 MB.
System memory in use after: 126.1 MB.

Unloading 5 unused Assets to reduce memory usage. Loaded Objects now: 3378.
Total: 3.571500 ms (FindLiveObjects: 0.413200 ms CreateObjectMapping: 0.097000 ms MarkObjects: 3.034100 ms  DeleteObjects: 0.025100 ms)

AssetImportWorkerClient::OnTransportError - code=2 error=End of file
