Using pre-set license
Built from '2020.3/china_unity/release' branch; Version is '2020.3.9f1c1 (ef65345766d1) revision 15689012'; Using compiler version '192528614'; Build Type 'Release'
OS: 'Windows 10 Pro; OS build 19043.1023; Version 2009; 64bit' Language: 'zh' Physical Memory: 16063 MB
BatchMode: 1, IsHumanControllingUs: 0, StartBugReporterOnCrash: 0, Is64bit: 1, IsPro: 0

 COMMAND LINE ARGUMENTS:
D:\IDE\Unity\2020.3.9f1c1\Editor\Unity.exe
-adb2
-batchMode
-noUpm
-name
AssetImportWorker0
-projectPath
D:/Project/Unity/Roll_a_Ball
-logFile
Logs/AssetImportWorker0.log
-srvPort
51209
Successfully changed project path to: D:/Project/Unity/Roll_a_Ball
D:/Project/Unity/Roll_a_Ball
Using Asset Import Pipeline V2.
Refreshing native plugins compatible for Editor in 55.86 ms, found 0 plugins.
Preloading 0 native plugins for Editor in 0.00 ms.
Initialize engine version: 2020.3.9f1c1 (ef65345766d1)
[Subsystems] Discovering subsystems at path D:/IDE/Unity/2020.3.9f1c1/Editor/Data/Resources/UnitySubsystems
[Subsystems] Discovering subsystems at path D:/Project/Unity/Roll_a_Ball/Assets
GfxDevice: creating device client; threaded=0
Direct3D:
    Version:  Direct3D 11.0 [level 11.1]
    Renderer: NVIDIA GeForce GTX 1660 Ti with Max-Q Design (ID=0x2191)
    Vendor:   
    VRAM:     5991 MB
    Driver:   27.21.14.6663
Shader 'Universal Render Pipeline/Particles/Lit': fallback shader 'Universal Render Pipeline/Particles/SimpleLit' not found
Initialize mono
Mono path[0] = 'D:/IDE/Unity/2020.3.9f1c1/Editor/Data/Managed'
Mono path[1] = 'D:/IDE/Unity/2020.3.9f1c1/Editor/Data/MonoBleedingEdge/lib/mono/unityjit'
Mono config path = 'D:/IDE/Unity/2020.3.9f1c1/Editor/Data/MonoBleedingEdge/etc'
Using monoOptions --debugger-agent=transport=dt_socket,embedding=1,server=y,suspend=n,address=127.0.0.1:56300
Begin MonoManager ReloadAssembly
Registering precompiled unity dll's ...
Register platform support module: D:/IDE/Unity/2020.3.9f1c1/Editor/Data/PlaybackEngines/WindowsStandaloneSupport/UnityEditor.WindowsStandalone.Extensions.dll
Registered in 0.001298 seconds.
Native extension for WindowsStandalone target not found
Refreshing native plugins compatible for Editor in 63.22 ms, found 0 plugins.
Preloading 0 native plugins for Editor in 0.00 ms.
Mono: successfully reloaded assembly
- Completed reload, in  0.876 seconds
Platform modules already initialized, skipping
Registering precompiled user dll's ...
Registered in 0.001352 seconds.
Begin MonoManager ReloadAssembly
Native extension for WindowsStandalone target not found
Refreshing native plugins compatible for Editor in 58.08 ms, found 0 plugins.
Preloading 0 native plugins for Editor in 0.00 ms.
Mono: successfully reloaded assembly
- Completed reload, in  1.146 seconds
Platform modules already initialized, skipping
========================================================================
Worker process is ready to serve import requests
Shader 'Universal Render Pipeline/Particles/Lit': fallback shader 'Universal Render Pipeline/Particles/SimpleLit' not found
Launched and connected shader compiler UnityShaderCompiler.exe after 0.06 seconds
Refreshing native plugins compatible for Editor in 0.76 ms, found 0 plugins.
Preloading 0 native plugins for Editor in 0.00 ms.
Unloading 2734 Unused Serialized files (Serialized files now loaded: 0)
System memory in use before: 128.2 MB.
System memory in use after: 128.4 MB.

Unloading 12 unused Assets to reduce memory usage. Loaded Objects now: 3179.
Total: 3.879100 ms (FindLiveObjects: 0.400900 ms CreateObjectMapping: 0.107900 ms MarkObjects: 3.260500 ms  DeleteObjects: 0.107600 ms)

========================================================================
Received Import Request.
  path: Assets/Materials/Background.mat
  artifactKey: Guid(c534864aee445094ea385b3986ac499e) Importer(815301076,1909f56bfc062723c751e8b465ee728b)
Start importing Assets/Materials/Background.mat using Guid(c534864aee445094ea385b3986ac499e) Importer(815301076,1909f56bfc062723c751e8b465ee728b)  -> (artifact id: '1303991438fc0d20686ec9d6c2ecb344') in 0.309730 seconds
  Import took 0.315422 seconds .

========================================================================
Received Import Request.
  Time since last request: 4.426519 seconds.
  path: Assets/Materials/MalPickUp.mat
  artifactKey: Guid(5a8f3b73038c54d4489a037abc1cb0a4) Importer(815301076,1909f56bfc062723c751e8b465ee728b)
Start importing Assets/Materials/MalPickUp.mat using Guid(5a8f3b73038c54d4489a037abc1cb0a4) Importer(815301076,1909f56bfc062723c751e8b465ee728b)  -> (artifact id: '01cd84266c2d4f422839b38620be0f8a') in 0.018934 seconds
  Import took 0.025137 seconds .

========================================================================
Received Import Request.
  Time since last request: 388.547487 seconds.
  path: Assets/Audio/5427.mp3
  artifactKey: Guid(e7abf7cbcbb25a54bbf09c1aeb1c91cc) Importer(815301076,1909f56bfc062723c751e8b465ee728b)
Start importing Assets/Audio/5427.mp3 using Guid(e7abf7cbcbb25a54bbf09c1aeb1c91cc) Importer(815301076,1909f56bfc062723c751e8b465ee728b)  -> (artifact id: '801ef1b5ae6cde292889505fa0f9487d') in 0.029899 seconds
  Import took 0.035378 seconds .

========================================================================
Received Import Request.
  Time since last request: 8.543636 seconds.
  path: Assets/Audio/LoseAudio.mp3
  artifactKey: Guid(e7abf7cbcbb25a54bbf09c1aeb1c91cc) Importer(815301076,1909f56bfc062723c751e8b465ee728b)
Start importing Assets/Audio/LoseAudio.mp3 using Guid(e7abf7cbcbb25a54bbf09c1aeb1c91cc) Importer(815301076,1909f56bfc062723c751e8b465ee728b)  -> (artifact id: 'c2f2626265a171aad1f99740736a1daa') in 0.015317 seconds
  Import took 0.020423 seconds .

========================================================================
Received Prepare
Registering precompiled user dll's ...
Registered in 0.001257 seconds.
Begin MonoManager ReloadAssembly
Native extension for WindowsStandalone target not found
Refreshing native plugins compatible for Editor in 0.64 ms, found 0 plugins.
Preloading 0 native plugins for Editor in 0.00 ms.
Mono: successfully reloaded assembly
- Completed reload, in  1.140 seconds
Platform modules already initialized, skipping
Shader 'Universal Render Pipeline/Particles/Lit': fallback shader 'Universal Render Pipeline/Particles/SimpleLit' not found
Refreshing native plugins compatible for Editor in 0.51 ms, found 0 plugins.
Preloading 0 native plugins for Editor in 0.00 ms.
Unloading 2611 Unused Serialized files (Serialized files now loaded: 0)
System memory in use before: 125.5 MB.
System memory in use after: 125.7 MB.

Unloading 5 unused Assets to reduce memory usage. Loaded Objects now: 3262.
Total: 3.184100 ms (FindLiveObjects: 0.347400 ms CreateObjectMapping: 0.079000 ms MarkObjects: 2.723900 ms  DeleteObjects: 0.032300 ms)

========================================================================
Received Import Request.
  Time since last request: 197.082609 seconds.
  path: Assets/Scripts/PlayeController.cs
  artifactKey: Guid(3b2e65d881194a542ac649325bc455d6) Importer(815301076,1909f56bfc062723c751e8b465ee728b)
Start importing Assets/Scripts/PlayeController.cs using Guid(3b2e65d881194a542ac649325bc455d6) Importer(815301076,1909f56bfc062723c751e8b465ee728b)  -> (artifact id: '9b27f3efabce82199e485470677730d4') in 0.020256 seconds
  Import took 0.026012 seconds .

========================================================================
Received Import Request.
  Time since last request: 1.837280 seconds.
  path: Assets/Scripts/AddPickUp.cs
  artifactKey: Guid(1cec23c31f03b6948a77651a5e87d7c3) Importer(815301076,1909f56bfc062723c751e8b465ee728b)
Start importing Assets/Scripts/AddPickUp.cs using Guid(1cec23c31f03b6948a77651a5e87d7c3) Importer(815301076,1909f56bfc062723c751e8b465ee728b)  -> (artifact id: '634c6e3768f42f51d1ddb1da220be76c') in 0.007492 seconds
  Import took 0.012550 seconds .

========================================================================
Received Import Request.
  Time since last request: 0.001860 seconds.
  path: Assets/Scripts/AddPickUp.cs
  artifactKey: Guid(1cec23c31f03b6948a77651a5e87d7c3) Importer(815301076,1909f56bfc062723c751e8b465ee728b)
Start importing Assets/Scripts/AddPickUp.cs using Guid(1cec23c31f03b6948a77651a5e87d7c3) Importer(815301076,1909f56bfc062723c751e8b465ee728b)  -> (artifact id: '634c6e3768f42f51d1ddb1da220be76c') in 0.002678 seconds
  Import took 0.007665 seconds .

========================================================================
Received Prepare
Registering precompiled user dll's ...
Registered in 0.001440 seconds.
Begin MonoManager ReloadAssembly
Native extension for WindowsStandalone target not found
Refreshing native plugins compatible for Editor in 0.69 ms, found 0 plugins.
Preloading 0 native plugins for Editor in 0.00 ms.
Mono: successfully reloaded assembly
- Completed reload, in  1.170 seconds
Platform modules already initialized, skipping
Shader 'Universal Render Pipeline/Particles/Lit': fallback shader 'Universal Render Pipeline/Particles/SimpleLit' not found
Refreshing native plugins compatible for Editor in 0.56 ms, found 0 plugins.
Preloading 0 native plugins for Editor in 0.00 ms.
Unloading 2611 Unused Serialized files (Serialized files now loaded: 0)
System memory in use before: 125.6 MB.
System memory in use after: 125.8 MB.

Unloading 5 unused Assets to reduce memory usage. Loaded Objects now: 3265.
Total: 3.691800 ms (FindLiveObjects: 0.354200 ms CreateObjectMapping: 0.092300 ms MarkObjects: 3.206900 ms  DeleteObjects: 0.036700 ms)

========================================================================
Received Prepare
Registering precompiled user dll's ...
Registered in 0.001314 seconds.
Begin MonoManager ReloadAssembly
Native extension for WindowsStandalone target not found
Refreshing native plugins compatible for Editor in 0.51 ms, found 0 plugins.
Preloading 0 native plugins for Editor in 0.00 ms.
Mono: successfully reloaded assembly
- Completed reload, in  1.053 seconds
Platform modules already initialized, skipping
Shader 'Universal Render Pipeline/Particles/Lit': fallback shader 'Universal Render Pipeline/Particles/SimpleLit' not found
Refreshing native plugins compatible for Editor in 0.53 ms, found 0 plugins.
Preloading 0 native plugins for Editor in 0.00 ms.
Unloading 2611 Unused Serialized files (Serialized files now loaded: 0)
System memory in use before: 125.6 MB.
System memory in use after: 125.8 MB.

Unloading 5 unused Assets to reduce memory usage. Loaded Objects now: 3268.
Total: 3.003600 ms (FindLiveObjects: 0.452100 ms CreateObjectMapping: 0.111300 ms MarkObjects: 2.409900 ms  DeleteObjects: 0.028400 ms)

========================================================================
Received Prepare
Registering precompiled user dll's ...
Registered in 0.001438 seconds.
Begin MonoManager ReloadAssembly
Native extension for WindowsStandalone target not found
Refreshing native plugins compatible for Editor in 0.50 ms, found 0 plugins.
Preloading 0 native plugins for Editor in 0.00 ms.
Mono: successfully reloaded assembly
- Completed reload, in  1.061 seconds
Platform modules already initialized, skipping
Shader 'Universal Render Pipeline/Particles/Lit': fallback shader 'Universal Render Pipeline/Particles/SimpleLit' not found
Refreshing native plugins compatible for Editor in 0.50 ms, found 0 plugins.
Preloading 0 native plugins for Editor in 0.00 ms.
Unloading 2611 Unused Serialized files (Serialized files now loaded: 0)
System memory in use before: 125.6 MB.
System memory in use after: 125.8 MB.

Unloading 5 unused Assets to reduce memory usage. Loaded Objects now: 3271.
Total: 3.659300 ms (FindLiveObjects: 0.372000 ms CreateObjectMapping: 0.108100 ms MarkObjects: 3.146100 ms  DeleteObjects: 0.031300 ms)

========================================================================
Received Prepare
Registering precompiled user dll's ...
Registered in 0.001976 seconds.
Begin MonoManager ReloadAssembly
Native extension for WindowsStandalone target not found
Refreshing native plugins compatible for Editor in 0.79 ms, found 0 plugins.
Preloading 0 native plugins for Editor in 0.00 ms.
Mono: successfully reloaded assembly
- Completed reload, in  1.328 seconds
Platform modules already initialized, skipping
Shader 'Universal Render Pipeline/Particles/Lit': fallback shader 'Universal Render Pipeline/Particles/SimpleLit' not found
Refreshing native plugins compatible for Editor in 0.81 ms, found 0 plugins.
Preloading 0 native plugins for Editor in 0.00 ms.
Unloading 2611 Unused Serialized files (Serialized files now loaded: 0)
System memory in use before: 125.5 MB.
System memory in use after: 125.8 MB.

Unloading 5 unused Assets to reduce memory usage. Loaded Objects now: 3274.
Total: 4.270900 ms (FindLiveObjects: 0.359500 ms CreateObjectMapping: 0.122200 ms MarkObjects: 3.742400 ms  DeleteObjects: 0.044900 ms)

========================================================================
Received Prepare
Registering precompiled user dll's ...
Registered in 0.001237 seconds.
Begin MonoManager ReloadAssembly
Native extension for WindowsStandalone target not found
Refreshing native plugins compatible for Editor in 0.50 ms, found 0 plugins.
Preloading 0 native plugins for Editor in 0.00 ms.
Mono: successfully reloaded assembly
- Completed reload, in  1.061 seconds
Platform modules already initialized, skipping
Shader 'Universal Render Pipeline/Particles/Lit': fallback shader 'Universal Render Pipeline/Particles/SimpleLit' not found
Refreshing native plugins compatible for Editor in 0.55 ms, found 0 plugins.
Preloading 0 native plugins for Editor in 0.00 ms.
Unloading 2611 Unused Serialized files (Serialized files now loaded: 0)
System memory in use before: 125.6 MB.
System memory in use after: 125.9 MB.

Unloading 5 unused Assets to reduce memory usage. Loaded Objects now: 3277.
Total: 3.013600 ms (FindLiveObjects: 0.357000 ms CreateObjectMapping: 0.091600 ms MarkObjects: 2.535800 ms  DeleteObjects: 0.027600 ms)

========================================================================
Received Prepare
Registering precompiled user dll's ...
Registered in 0.001659 seconds.
Begin MonoManager ReloadAssembly
Native extension for WindowsStandalone target not found
Refreshing native plugins compatible for Editor in 0.69 ms, found 0 plugins.
Preloading 0 native plugins for Editor in 0.00 ms.
Mono: successfully reloaded assembly
- Completed reload, in  1.131 seconds
Platform modules already initialized, skipping
Shader 'Universal Render Pipeline/Particles/Lit': fallback shader 'Universal Render Pipeline/Particles/SimpleLit' not found
Refreshing native plugins compatible for Editor in 0.55 ms, found 0 plugins.
Preloading 0 native plugins for Editor in 0.00 ms.
Unloading 2611 Unused Serialized files (Serialized files now loaded: 0)
System memory in use before: 125.6 MB.
System memory in use after: 125.9 MB.

Unloading 5 unused Assets to reduce memory usage. Loaded Objects now: 3280.
Total: 3.055000 ms (FindLiveObjects: 0.344100 ms CreateObjectMapping: 0.076800 ms MarkObjects: 2.598700 ms  DeleteObjects: 0.033800 ms)

========================================================================
Received Prepare
Registering precompiled user dll's ...
Registered in 0.001250 seconds.
Begin MonoManager ReloadAssembly
Native extension for WindowsStandalone target not found
Refreshing native plugins compatible for Editor in 0.51 ms, found 0 plugins.
Preloading 0 native plugins for Editor in 0.00 ms.
Mono: successfully reloaded assembly
- Completed reload, in  1.105 seconds
Platform modules already initialized, skipping
Shader 'Universal Render Pipeline/Particles/Lit': fallback shader 'Universal Render Pipeline/Particles/SimpleLit' not found
Refreshing native plugins compatible for Editor in 0.70 ms, found 0 plugins.
Preloading 0 native plugins for Editor in 0.00 ms.
Unloading 2611 Unused Serialized files (Serialized files now loaded: 0)
System memory in use before: 125.6 MB.
System memory in use after: 125.9 MB.

Unloading 5 unused Assets to reduce memory usage. Loaded Objects now: 3283.
Total: 3.568900 ms (FindLiveObjects: 0.369600 ms CreateObjectMapping: 0.098900 ms MarkObjects: 3.063200 ms  DeleteObjects: 0.035500 ms)

========================================================================
Received Prepare
Registering precompiled user dll's ...
Registered in 0.001278 seconds.
Begin MonoManager ReloadAssembly
Native extension for WindowsStandalone target not found
Refreshing native plugins compatible for Editor in 0.67 ms, found 0 plugins.
Preloading 0 native plugins for Editor in 0.00 ms.
Mono: successfully reloaded assembly
- Completed reload, in  1.046 seconds
Platform modules already initialized, skipping
Shader 'Universal Render Pipeline/Particles/Lit': fallback shader 'Universal Render Pipeline/Particles/SimpleLit' not found
Refreshing native plugins compatible for Editor in 0.51 ms, found 0 plugins.
Preloading 0 native plugins for Editor in 0.00 ms.
Unloading 2611 Unused Serialized files (Serialized files now loaded: 0)
System memory in use before: 125.7 MB.
System memory in use after: 125.9 MB.

Unloading 5 unused Assets to reduce memory usage. Loaded Objects now: 3286.
Total: 3.406600 ms (FindLiveObjects: 0.368100 ms CreateObjectMapping: 0.091400 ms MarkObjects: 2.916200 ms  DeleteObjects: 0.029000 ms)

========================================================================
Received Prepare
Registering precompiled user dll's ...
Registered in 0.001302 seconds.
Begin MonoManager ReloadAssembly
Native extension for WindowsStandalone target not found
Refreshing native plugins compatible for Editor in 0.63 ms, found 0 plugins.
Preloading 0 native plugins for Editor in 0.00 ms.
Mono: successfully reloaded assembly
- Completed reload, in  1.071 seconds
Platform modules already initialized, skipping
Shader 'Universal Render Pipeline/Particles/Lit': fallback shader 'Universal Render Pipeline/Particles/SimpleLit' not found
Refreshing native plugins compatible for Editor in 0.55 ms, found 0 plugins.
Preloading 0 native plugins for Editor in 0.00 ms.
Unloading 2611 Unused Serialized files (Serialized files now loaded: 0)
System memory in use before: 125.7 MB.
System memory in use after: 125.9 MB.

Unloading 5 unused Assets to reduce memory usage. Loaded Objects now: 3289.
Total: 3.103200 ms (FindLiveObjects: 0.352100 ms CreateObjectMapping: 0.106300 ms MarkObjects: 2.613900 ms  DeleteObjects: 0.029700 ms)

========================================================================
Received Prepare
Registering precompiled user dll's ...
Registered in 0.001346 seconds.
Begin MonoManager ReloadAssembly
Native extension for WindowsStandalone target not found
Refreshing native plugins compatible for Editor in 0.52 ms, found 0 plugins.
Preloading 0 native plugins for Editor in 0.00 ms.
Mono: successfully reloaded assembly
- Completed reload, in  1.077 seconds
Platform modules already initialized, skipping
Shader 'Universal Render Pipeline/Particles/Lit': fallback shader 'Universal Render Pipeline/Particles/SimpleLit' not found
Refreshing native plugins compatible for Editor in 0.88 ms, found 0 plugins.
Preloading 0 native plugins for Editor in 0.00 ms.
Unloading 2611 Unused Serialized files (Serialized files now loaded: 0)
System memory in use before: 125.7 MB.
System memory in use after: 125.9 MB.

Unloading 5 unused Assets to reduce memory usage. Loaded Objects now: 3292.
Total: 3.609000 ms (FindLiveObjects: 0.389200 ms CreateObjectMapping: 0.115400 ms MarkObjects: 3.077600 ms  DeleteObjects: 0.025200 ms)

========================================================================
Received Prepare
Registering precompiled user dll's ...
Registered in 0.001231 seconds.
Begin MonoManager ReloadAssembly
Native extension for WindowsStandalone target not found
Refreshing native plugins compatible for Editor in 0.51 ms, found 0 plugins.
Preloading 0 native plugins for Editor in 0.00 ms.
Mono: successfully reloaded assembly
- Completed reload, in  1.077 seconds
Platform modules already initialized, skipping
Shader 'Universal Render Pipeline/Particles/Lit': fallback shader 'Universal Render Pipeline/Particles/SimpleLit' not found
Refreshing native plugins compatible for Editor in 0.54 ms, found 0 plugins.
Preloading 0 native plugins for Editor in 0.00 ms.
Unloading 2611 Unused Serialized files (Serialized files now loaded: 0)
System memory in use before: 125.7 MB.
System memory in use after: 125.9 MB.

Unloading 5 unused Assets to reduce memory usage. Loaded Objects now: 3295.
Total: 3.086500 ms (FindLiveObjects: 0.372000 ms CreateObjectMapping: 0.095900 ms MarkObjects: 2.582800 ms  DeleteObjects: 0.034500 ms)

========================================================================
Received Prepare
Registering precompiled user dll's ...
Registered in 0.001667 seconds.
Begin MonoManager ReloadAssembly
Native extension for WindowsStandalone target not found
Refreshing native plugins compatible for Editor in 0.71 ms, found 0 plugins.
Preloading 0 native plugins for Editor in 0.00 ms.
Mono: successfully reloaded assembly
- Completed reload, in  1.238 seconds
Platform modules already initialized, skipping
Shader 'Universal Render Pipeline/Particles/Lit': fallback shader 'Universal Render Pipeline/Particles/SimpleLit' not found
Refreshing native plugins compatible for Editor in 0.66 ms, found 0 plugins.
Preloading 0 native plugins for Editor in 0.00 ms.
Unloading 2611 Unused Serialized files (Serialized files now loaded: 0)
System memory in use before: 125.7 MB.
System memory in use after: 125.9 MB.

Unloading 5 unused Assets to reduce memory usage. Loaded Objects now: 3298.
Total: 4.377900 ms (FindLiveObjects: 0.352000 ms CreateObjectMapping: 0.144100 ms MarkObjects: 3.851800 ms  DeleteObjects: 0.028000 ms)

========================================================================
Received Prepare
Registering precompiled user dll's ...
Registered in 0.001450 seconds.
Begin MonoManager ReloadAssembly
Native extension for WindowsStandalone target not found
Refreshing native plugins compatible for Editor in 0.56 ms, found 0 plugins.
Preloading 0 native plugins for Editor in 0.00 ms.
Mono: successfully reloaded assembly
- Completed reload, in  1.068 seconds
Platform modules already initialized, skipping
Shader 'Universal Render Pipeline/Particles/Lit': fallback shader 'Universal Render Pipeline/Particles/SimpleLit' not found
Refreshing native plugins compatible for Editor in 0.50 ms, found 0 plugins.
Preloading 0 native plugins for Editor in 0.00 ms.
Unloading 2611 Unused Serialized files (Serialized files now loaded: 0)
System memory in use before: 125.7 MB.
System memory in use after: 125.9 MB.

Unloading 5 unused Assets to reduce memory usage. Loaded Objects now: 3301.
Total: 3.501200 ms (FindLiveObjects: 0.351500 ms CreateObjectMapping: 0.091800 ms MarkObjects: 3.027900 ms  DeleteObjects: 0.028100 ms)

========================================================================
Received Prepare
Registering precompiled user dll's ...
Registered in 0.001289 seconds.
Begin MonoManager ReloadAssembly
Native extension for WindowsStandalone target not found
Refreshing native plugins compatible for Editor in 0.50 ms, found 0 plugins.
Preloading 0 native plugins for Editor in 0.00 ms.
Mono: successfully reloaded assembly
- Completed reload, in  1.041 seconds
Platform modules already initialized, skipping
Shader 'Universal Render Pipeline/Particles/Lit': fallback shader 'Universal Render Pipeline/Particles/SimpleLit' not found
Refreshing native plugins compatible for Editor in 0.51 ms, found 0 plugins.
Preloading 0 native plugins for Editor in 0.00 ms.
Unloading 2611 Unused Serialized files (Serialized files now loaded: 0)
System memory in use before: 125.7 MB.
System memory in use after: 125.9 MB.

Unloading 5 unused Assets to reduce memory usage. Loaded Objects now: 3304.
Total: 3.751100 ms (FindLiveObjects: 0.364900 ms CreateObjectMapping: 0.093300 ms MarkObjects: 3.256200 ms  DeleteObjects: 0.034400 ms)

========================================================================
Received Prepare
Shader 'Universal Render Pipeline/Particles/Lit': fallback shader 'Universal Render Pipeline/Particles/SimpleLit' not found
Refreshing native plugins compatible for Editor in 1.19 ms, found 0 plugins.
Preloading 0 native plugins for Editor in 0.00 ms.
Unloading 3 Unused Serialized files (Serialized files now loaded: 0)
System memory in use before: 74.2 MB.
System memory in use after: 74.4 MB.

Unloading 3 unused Assets to reduce memory usage. Loaded Objects now: 3304.
Total: 2.912500 ms (FindLiveObjects: 0.326800 ms CreateObjectMapping: 0.080400 ms MarkObjects: 2.484900 ms  DeleteObjects: 0.018900 ms)

AssetImportWorkerClient::OnTransportError - code=2 error=End of file
