Using pre-set license

 COMMAND LINE ARGUMENTS:
/Applications/Unity/Unity.app/Contents/MacOS/Unity
-adb2
-batchMode
-noUpm
-name
AssetImportWorker0
-projectPath
/Users/maojingyi/Desktop/Unity/实验二
-logFile
Logs/AssetImportWorker0.log
-srvPort
56431
Successfully changed project path to: /Users/maojingyi/Desktop/Unity/实验二
/Users/maojingyi/Desktop/Unity/实验二
Using Asset Import Pipeline V2.
Refreshing native plugins compatible for Editor in 27.27 ms, found 1 plugins.
Preloading 0 native plugins for Editor in 0.00 ms.
Initialize engine version: 2020.3.0f1c1 (1e553bf703d9)
[Subsystems] Discovering subsystems at path /Applications/Unity/Unity.app/Contents/Resources/UnitySubsystems
[Subsystems] Discovering subsystems at path /Users/maojingyi/Desktop/Unity/实验二/Assets
GfxDevice: creating device client; threaded=0
2021-06-13 08:32:12.172 Unity[2831:180111] Color LCD preferred device: Intel(R) Iris(TM) Plus Graphics 655 (low power)
2021-06-13 08:32:12.172 Unity[2831:180111] Metal devices available: 1
2021-06-13 08:32:12.172 Unity[2831:180111] 0: Intel(R) Iris(TM) Plus Graphics 655 (low power)
2021-06-13 08:32:12.173 Unity[2831:180111] Using device Intel(R) Iris(TM) Plus Graphics 655 (low power)
Initializing Metal device caps: Intel(R) Iris(TM) Plus Graphics 655
Initialize mono
Mono path[0] = '/Applications/Unity/Unity.app/Contents/Managed'
Mono path[1] = '/Applications/Unity/Unity.app/Contents/MonoBleedingEdge/lib/mono/unityjit'
Mono config path = '/Applications/Unity/Unity.app/Contents/MonoBleedingEdge/etc'
Using monoOptions --debugger-agent=transport=dt_socket,embedding=1,server=y,suspend=n,address=127.0.0.1:56831
Begin MonoManager ReloadAssembly
Registering precompiled unity dll's ...
Register platform support module: /Applications/Unity/Unity.app/Contents/PlaybackEngines/MacStandaloneSupport/UnityEditor.OSXStandalone.Extensions.dll
Registered in 0.000583 seconds.
Native extension for OSXStandalone target not found
Refreshing native plugins compatible for Editor in 26.44 ms, found 1 plugins.
Preloading 0 native plugins for Editor in 0.00 ms.
Invoked RoslynAnalysisRunner static constructor.
RoslynAnalysisRunner will not be running.
RoslynAnalysisRunner has terminated.
Mono: successfully reloaded assembly
- Completed reload, in  2.576 seconds
Platform modules already initialized, skipping
Registering precompiled user dll's ...
Registered in 0.000412 seconds.
Begin MonoManager ReloadAssembly
Native extension for OSXStandalone target not found
Refreshing native plugins compatible for Editor in 0.26 ms, found 1 plugins.
Preloading 0 native plugins for Editor in 0.00 ms.
Invoked RoslynAnalysisRunner static constructor.
RoslynAnalysisRunner will not be running.
RoslynAnalysisRunner has terminated.
Mono: successfully reloaded assembly
- Completed reload, in  1.089 seconds
Platform modules already initialized, skipping
========================================================================
Worker process is ready to serve import requests
Launching external process: /Applications/Unity/Unity.app/Contents/Tools/UnityShaderCompiler
Launched and connected shader compiler UnityShaderCompiler after 0.02 seconds
Refreshing native plugins compatible for Editor in 0.25 ms, found 1 plugins.
Preloading 0 native plugins for Editor in 0.00 ms.
Unloading 1125 Unused Serialized files (Serialized files now loaded: 0)
System memory in use before: 115.0 MB.
System memory in use after: 115.0 MB.

Unloading 10 unused Assets to reduce memory usage. Loaded Objects now: 1570.
Total: 2.366251 ms (FindLiveObjects: 0.244803 ms CreateObjectMapping: 0.047591 ms MarkObjects: 1.979040 ms  DeleteObjects: 0.093484 ms)

========================================================================
Received Import Request.
  path: Assets/UnityChan/Scripts/NewBehaviourScript.cs
  artifactKey: Guid(2a9f7c08ec80747c1bccb7e332584193) Importer(815301076,1909f56bfc062723c751e8b465ee728b)
Start importing Assets/UnityChan/Scripts/NewBehaviourScript.cs using Guid(2a9f7c08ec80747c1bccb7e332584193) Importer(815301076,1909f56bfc062723c751e8b465ee728b)  -> (artifact id: '06ab87cb37f790c9379b3c7f2da30853') in 0.575648 seconds
  Import took 0.578953 seconds .

========================================================================
Received Prepare
Refreshing native plugins compatible for Editor in 0.79 ms, found 1 plugins.
Preloading 0 native plugins for Editor in 0.00 ms.
Unloading 3 Unused Serialized files (Serialized files now loaded: 0)
System memory in use before: 96.2 MB.
System memory in use after: 96.3 MB.

Unloading 3 unused Assets to reduce memory usage. Loaded Objects now: 1570.
Total: 1.744408 ms (FindLiveObjects: 0.202767 ms CreateObjectMapping: 0.042520 ms MarkObjects: 1.451070 ms  DeleteObjects: 0.046844 ms)

